<?xml version="1.0" encoding="UTF-8"?>
<robot generator="Robot 3.0.4 (Python 3.6.4 on darwin)" generated="20180725 09:03:50.051">
<suite id="s1" name="HelloWorld" source="/Users/madhj/Headend/py-robot-hello-world/HelloWorld.txt">
<test id="s1-t1" name="HelloWorld">
<kw name="Hello Word" library="HelloWorld">
<msg timestamp="20180725 09:03:50.075" level="INFO">HELLO WORLD!</msg>
<status status="PASS" starttime="20180725 09:03:50.075" endtime="20180725 09:03:50.075"></status>
</kw>
<status status="PASS" starttime="20180725 09:03:50.075" endtime="20180725 09:03:50.076" critical="yes"></status>
</test>
<test id="s1-t2" name="Write File">
<kw name="Write File" library="HelloWorld">
<arguments>
<arg>lom/abcd.xml</arg>
</arguments>
<status status="PASS" starttime="20180725 09:03:50.076" endtime="20180725 09:03:50.077"></status>
</kw>
<kw name="Verify File" library="HelloWorld">
<arguments>
<arg>lom/abcd.xml</arg>
</arguments>
<msg timestamp="20180725 09:03:50.077" level="INFO">All ok</msg>
<status status="PASS" starttime="20180725 09:03:50.077" endtime="20180725 09:03:50.077"></status>
</kw>
<kw name="Write File" library="HelloWorld">
<arguments>
<arg>lom/abc.xml</arg>
</arguments>
<status status="PASS" starttime="20180725 09:03:50.077" endtime="20180725 09:03:50.078"></status>
</kw>
<kw name="Verify File" library="HelloWorld">
<arguments>
<arg>lom/abc.xml</arg>
</arguments>
<msg timestamp="20180725 09:03:50.078" level="INFO">All ok</msg>
<status status="PASS" starttime="20180725 09:03:50.078" endtime="20180725 09:03:50.078"></status>
</kw>
<kw name="Match Xml" library="HelloWorld">
<arguments>
<arg>lom/abcd.xml</arg>
<arg>lom/abc.xml</arg>
</arguments>
<msg timestamp="20180725 09:03:50.078" level="INFO">x x
All ok</msg>
<status status="PASS" starttime="20180725 09:03:50.078" endtime="20180725 09:03:50.079"></status>
</kw>
<kw name="Clean Folder" library="HelloWorld">
<arguments>
<arg>lom</arg>
</arguments>
<status status="PASS" starttime="20180725 09:03:50.079" endtime="20180725 09:03:50.079"></status>
</kw>
<status status="PASS" starttime="20180725 09:03:50.076" endtime="20180725 09:03:50.079" critical="yes"></status>
</test>
<status status="PASS" starttime="20180725 09:03:50.055" endtime="20180725 09:03:50.080"></status>
</suite>
<statistics>
<total>
<stat pass="2" fail="0">Critical Tests</stat>
<stat pass="2" fail="0">All Tests</stat>
</total>
<tag>
</tag>
<suite>
<stat pass="2" fail="0" id="s1" name="HelloWorld">HelloWorld</stat>
</suite>
</statistics>
<errors>
</errors>
</robot>
